
> nextn@0.1.0 dev
> next dev --turbopack --hostname 0.0.0.0

   ▲ Next.js 15.3.3 (Turbopack)
   - Local:        http://localhost:3000
   - Network:      http://0.0.0.0:3000
   - Environments: .env.local

 ✓ Starting...
 ✓ Ready in 2.1s
 ⚠ Webpack is configured while Turbopack is not, which may cause problems.
 ⚠ See instructions if you need to configure Turbopack:
  https://nextjs.org/docs/app/api-reference/next-config-js/turbo

 ○ Compiling / ...
 ✓ Compiled / in 5.3s
Supabase not configured - running in localStorage mode. Set NEXT_PUBLIC_SUPABASE_URL and NEXT_PUBLIC_SUPABASE_ANON_KEY to enable cloud storage.
 HEAD / 200 in 6098ms
 HEAD / 200 in 160ms
 ✓ Compiled in 394ms
 ✓ Compiled in 406ms
 ✓ Compiled / in 338ms
Supabase not configured - running in localStorage mode. Set NEXT_PUBLIC_SUPABASE_URL and NEXT_PUBLIC_SUPABASE_ANON_KEY to enable cloud storage.
 ⨯ Error: useAuth must be used within an AuthProvider
    at useAuth (src/contexts/auth-context.tsx:13:10)
    at useAuthDataService (src/hooks/use-auth-data-service.ts:12:25)
    at SettingsProvider (src/contexts/settings-context.tsx:53:47)
  11 |   const context = useContext(AuthContext)
  12 |   if (context === undefined) {
> 13 |     throw new Error('useAuth must be used within an AuthProvider')
     |          ^
  14 |   }
  15 |   return context
  16 | } {
  digest: '3434647403'
}
 GET / 500 in 1028ms
 ✓ Compiled in 90ms
 ✓ Compiled / in 47ms
Supabase not configured - running in localStorage mode. Set NEXT_PUBLIC_SUPABASE_URL and NEXT_PUBLIC_SUPABASE_ANON_KEY to enable cloud storage.
 GET / 200 in 591ms
 ⚠ Found a change in next.config.ts. Restarting the server to apply the changes...
   ▲ Next.js 15.3.3 (Turbopack)
   - Local:        http://localhost:3000
   - Network:      http://0.0.0.0:3000
   - Environments: .env.local

 ✓ Starting...
 ⚠ Invalid next.config.ts options detected: 
 ⚠     Unrecognized key(s) in object: 'swcMinify'
 ⚠ See more info here: https://nextjs.org/docs/messages/invalid-next-config
 ✓ Ready in 2.8s
 ⚠ Webpack is configured while Turbopack is not, which may cause problems.
 ⚠ See instructions if you need to configure Turbopack:
  https://nextjs.org/docs/app/api-reference/next-config-js/turbo

 ○ Compiling / ...
 ✓ Compiled / in 9.3s
Supabase not configured - running in localStorage mode. Set NEXT_PUBLIC_SUPABASE_URL and NEXT_PUBLIC_SUPABASE_ANON_KEY to enable cloud storage.
 ✓ Compiled in 1513ms
   Reload env: .env.local
 ⨯ ./node_modules/@opentelemetry/context-async-hooks/build/src/AsyncHooksContextManager.js:20:20
Module not found: Can't resolve 'async_hooks'
[0m [90m 18 |[39m exports[33m.[39m[33mAsyncHooksContextManager[39m [33m=[39m [36mvoid[39m [35m0[39m[33m;[39m[0m
[0m [90m 19 |[39m [36mconst[39m api_1 [33m=[39m require([32m"@opentelemetry/api"[39m)[33m;[39m[0m
[0m[31m[1m>[22m[39m[90m 20 |[39m [36mconst[39m asyncHooks [33m=[39m require([32m"async_hooks"[39m)[33m;[39m[0m
[0m [90m    |[39m                    [31m[1m^[22m[39m[31m[1m^[22m[39m[31m[1m^[22m[39m[31m[1m^[22m[39m[31m[1m^[22m[39m[31m[1m^[22m[39m[31m[1m^[22m[39m[31m[1m^[22m[39m[31m[1m^[22m[39m[31m[1m^[22m[39m[31m[1m^[22m[39m[31m[1m^[22m[39m[31m[1m^[22m[39m[31m[1m^[22m[39m[31m[1m^[22m[39m[31m[1m^[22m[39m[31m[1m^[22m[39m[31m[1m^[22m[39m[31m[1m^[22m[39m[31m[1m^[22m[39m[31m[1m^[22m[39m[31m[1m^[22m[39m[0m
[0m [90m 21 |[39m [36mconst[39m [33mAbstractAsyncHooksContextManager_1[39m [33m=[39m require([32m"./AbstractAsyncHooksContextManager"[39m)[33m;[39m[0m
[0m [90m 22 |[39m [36mclass[39m [33mAsyncHooksContextManager[39m [36mextends[39m [33mAbstractAsyncHooksContextManager_1[39m[33m.[39m[33mAbstractAsyncHooksContextManager[39m {[0m
[0m [90m 23 |[39m     constructor() {[0m



https://nextjs.org/docs/messages/module-not-found


 ⨯ ./node_modules/@opentelemetry/context-async-hooks/build/src/AsyncLocalStorageContextManager.js:20:23
Module not found: Can't resolve 'async_hooks'
[0m [90m 18 |[39m exports[33m.[39m[33mAsyncLocalStorageContextManager[39m [33m=[39m [36mvoid[39m [35m0[39m[33m;[39m[0m
[0m [90m 19 |[39m [36mconst[39m api_1 [33m=[39m require([32m"@opentelemetry/api"[39m)[33m;[39m[0m
[0m[31m[1m>[22m[39m[90m 20 |[39m [36mconst[39m async_hooks_1 [33m=[39m require([32m"async_hooks"[39m)[33m;[39m[0m
[0m [90m    |[39m                       [31m[1m^[22m[39m[31m[1m^[22m[39m[31m[1m^[22m[39m[31m[1m^[22m[39m[31m[1m^[22m[39m[31m[1m^[22m[39m[31m[1m^[22m[39m[31m[1m^[22m[39m[31m[1m^[22m[39m[31m[1m^[22m[39m[31m[1m^[22m[39m[31m[1m^[22m[39m[31m[1m^[22m[39m[31m[1m^[22m[39m[31m[1m^[22m[39m[31m[1m^[22m[39m[31m[1m^[22m[39m[31m[1m^[22m[39m[31m[1m^[22m[39m[31m[1m^[22m[39m[31m[1m^[22m[39m[31m[1m^[22m[39m[0m
[0m [90m 21 |[39m [36mconst[39m [33mAbstractAsyncHooksContextManager_1[39m [33m=[39m require([32m"./AbstractAsyncHooksContextManager"[39m)[33m;[39m[0m
[0m [90m 22 |[39m [36mclass[39m [33mAsyncLocalStorageContextManager[39m [36mextends[39m [33mAbstractAsyncHooksContextManager_1[39m[33m.[39m[33mAbstractAsyncHooksContextManager[39m {[0m
[0m [90m 23 |[39m     constructor() {[0m



https://nextjs.org/docs/messages/module-not-found


 ⨯ ./node_modules/@grpc/grpc-js/build/src/resolver-dns.js:21:15
Module not found: Can't resolve 'dns'
[0m [90m 19 |[39m exports[33m.[39msetup [33m=[39m setup[33m;[39m[0m
[0m [90m 20 |[39m [36mconst[39m resolver_1 [33m=[39m require([32m"./resolver"[39m)[33m;[39m[0m
[0m[31m[1m>[22m[39m[90m 21 |[39m [36mconst[39m dns_1 [33m=[39m require([32m"dns"[39m)[33m;[39m[0m
[0m [90m    |[39m               [31m[1m^[22m[39m[31m[1m^[22m[39m[31m[1m^[22m[39m[31m[1m^[22m[39m[31m[1m^[22m[39m[31m[1m^[22m[39m[31m[1m^[22m[39m[31m[1m^[22m[39m[31m[1m^[22m[39m[31m[1m^[22m[39m[31m[1m^[22m[39m[31m[1m^[22m[39m[31m[1m^[22m[39m[31m[1m^[22m[39m[0m
[0m [90m 22 |[39m [36mconst[39m service_config_1 [33m=[39m require([32m"./service-config"[39m)[33m;[39m[0m
[0m [90m 23 |[39m [36mconst[39m constants_1 [33m=[39m require([32m"./constants"[39m)[33m;[39m[0m
[0m [90m 24 |[39m [36mconst[39m metadata_1 [33m=[39m require([32m"./metadata"[39m)[33m;[39m[0m



https://nextjs.org/docs/messages/module-not-found


 ⨯ ./node_modules/@genkit-ai/ai/lib/prompt.js:36:17
Module not found: Can't resolve 'fs'
[0m [90m 34 |[39m [36mvar[39m import_schema [33m=[39m require([32m"@genkit-ai/core/schema"[39m)[33m;[39m[0m
[0m [90m 35 |[39m [36mvar[39m import_tracing [33m=[39m require([32m"@genkit-ai/core/tracing"[39m)[33m;[39m[0m
[0m[31m[1m>[22m[39m[90m 36 |[39m [36mvar[39m import_fs [33m=[39m require([32m"fs"[39m)[33m;[39m[0m
[0m [90m    |[39m                 [31m[1m^[22m[39m[31m[1m^[22m[39m[31m[1m^[22m[39m[31m[1m^[22m[39m[31m[1m^[22m[39m[31m[1m^[22m[39m[31m[1m^[22m[39m[31m[1m^[22m[39m[31m[1m^[22m[39m[31m[1m^[22m[39m[31m[1m^[22m[39m[31m[1m^[22m[39m[31m[1m^[22m[39m[0m
[0m [90m 37 |[39m [36mvar[39m import_path [33m=[39m require([32m"path"[39m)[33m;[39m[0m
[0m [90m 38 |[39m [36mvar[39m import_generate [33m=[39m require([32m"./generate.js"[39m)[33m;[39m[0m
[0m [90m 39 |[39m [36mvar[39m import_message [33m=[39m require([32m"./message.js"[39m)[33m;[39m[0m



https://nextjs.org/docs/messages/module-not-found


 ⨯ ./node_modules/@google/generative-ai/dist/server/index.js:3:10
Module not found: Can't resolve 'fs'
[0m [90m 1 |[39m [32m'use strict'[39m[33m;[39m[0m
[0m [90m 2 |[39m[0m
[0m[31m[1m>[22m[39m[90m 3 |[39m [36mvar[39m fs [33m=[39m require([32m'fs'[39m)[33m;[39m[0m
[0m [90m   |[39m          [31m[1m^[22m[39m[31m[1m^[22m[39m[31m[1m^[22m[39m[31m[1m^[22m[39m[31m[1m^[22m[39m[31m[1m^[22m[39m[31m[1m^[22m[39m[31m[1m^[22m[39m[31m[1m^[22m[39m[31m[1m^[22m[39m[31m[1m^[22m[39m[31m[1m^[22m[39m[31m[1m^[22m[39m[0m
[0m [90m 4 |[39m[0m
[0m [90m 5 |[39m [90m/**[39m[0m
[0m [90m 6 |[39m [90m * @license[39m[0m



https://nextjs.org/docs/messages/module-not-found


 ⨯ ./node_modules/@grpc/grpc-js/build/src/certificate-provider.js:20:12
Module not found: Can't resolve 'fs'
[0m [90m 18 |[39m [33mObject[39m[33m.[39mdefineProperty(exports[33m,[39m [32m"__esModule"[39m[33m,[39m { value[33m:[39m [36mtrue[39m })[33m;[39m[0m
[0m [90m 19 |[39m exports[33m.[39m[33mFileWatcherCertificateProvider[39m [33m=[39m [36mvoid[39m [35m0[39m[33m;[39m[0m
[0m[31m[1m>[22m[39m[90m 20 |[39m [36mconst[39m fs [33m=[39m require([32m"fs"[39m)[33m;[39m[0m
[0m [90m    |[39m            [31m[1m^[22m[39m[31m[1m^[22m[39m[31m[1m^[22m[39m[31m[1m^[22m[39m[31m[1m^[22m[39m[31m[1m^[22m[39m[31m[1m^[22m[39m[31m[1m^[22m[39m[31m[1m^[22m[39m[31m[1m^[22m[39m[31m[1m^[22m[39m[31m[1m^[22m[39m[31m[1m^[22m[39m[0m
[0m [90m 21 |[39m [36mconst[39m logging [33m=[39m require([32m"./logging"[39m)[33m;[39m[0m
[0m [90m 22 |[39m [36mconst[39m constants_1 [33m=[39m require([32m"./constants"[39m)[33m;[39m[0m
[0m [90m 23 |[39m [36mconst[39m util_1 [33m=[39m require([32m"util"[39m)[33m;[39m[0m



https://nextjs.org/docs/messages/module-not-found


 ⨯ ./node_modules/@grpc/grpc-js/build/src/tls-helpers.js:21:12
Module not found: Can't resolve 'fs'
[0m [90m 19 |[39m exports[33m.[39m[33mCIPHER_SUITES[39m [33m=[39m [36mvoid[39m [35m0[39m[33m;[39m[0m
[0m [90m 20 |[39m exports[33m.[39mgetDefaultRootsData [33m=[39m getDefaultRootsData[33m;[39m[0m
[0m[31m[1m>[22m[39m[90m 21 |[39m [36mconst[39m fs [33m=[39m require([32m"fs"[39m)[33m;[39m[0m
[0m [90m    |[39m            [31m[1m^[22m[39m[31m[1m^[22m[39m[31m[1m^[22m[39m[31m[1m^[22m[39m[31m[1m^[22m[39m[31m[1m^[22m[39m[31m[1m^[22m[39m[31m[1m^[22m[39m[31m[1m^[22m[39m[31m[1m^[22m[39m[31m[1m^[22m[39m[31m[1m^[22m[39m[31m[1m^[22m[39m[0m
[0m [90m 22 |[39m exports[33m.[39m[33mCIPHER_SUITES[39m [33m=[39m process[33m.[39menv[33m.[39m[33mGRPC_SSL_CIPHER_SUITES[39m[33m;[39m[0m
[0m [90m 23 |[39m [36mconst[39m [33mDEFAULT_ROOTS_FILE_PATH[39m [33m=[39m process[33m.[39menv[33m.[39m[33mGRPC_DEFAULT_SSL_ROOTS_FILE_PATH[39m[33m;[39m[0m
[0m [90m 24 |[39m [36mlet[39m defaultRootsData [33m=[39m [36mnull[39m[33m;[39m[0m



https://nextjs.org/docs/messages/module-not-found


 ⨯ ./node_modules/@grpc/proto-loader/build/src/util.js:21:12
Module not found: Can't resolve 'fs'
[0m [90m 19 |[39m [33mObject[39m[33m.[39mdefineProperty(exports[33m,[39m [32m"__esModule"[39m[33m,[39m { value[33m:[39m [36mtrue[39m })[33m;[39m[0m
[0m [90m 20 |[39m exports[33m.[39maddCommonProtos [33m=[39m exports[33m.[39mloadProtosWithOptionsSync [33m=[39m exports[33m.[39mloadProtosWithOptions [33m=[39m [36mvoid[39m [35m0[39m[33m;[39m[0m
[0m[31m[1m>[22m[39m[90m 21 |[39m [36mconst[39m fs [33m=[39m require([32m"fs"[39m)[33m;[39m[0m
[0m [90m    |[39m            [31m[1m^[22m[39m[31m[1m^[22m[39m[31m[1m^[22m[39m[31m[1m^[22m[39m[31m[1m^[22m[39m[31m[1m^[22m[39m[31m[1m^[22m[39m[31m[1m^[22m[39m[31m[1m^[22m[39m[31m[1m^[22m[39m[31m[1m^[22m[39m[31m[1m^[22m[39m[31m[1m^[22m[39m[0m
[0m [90m 22 |[39m [36mconst[39m path [33m=[39m require([32m"path"[39m)[33m;[39m[0m
[0m [90m 23 |[39m [36mconst[39m [33mProtobuf[39m [33m=[39m require([32m"protobufjs"[39m)[33m;[39m[0m
[0m [90m 24 |[39m [36mfunction[39m addIncludePathResolver(root[33m,[39m includePaths) {[0m



https://nextjs.org/docs/messages/module-not-found


 ⨯ ./node_modules/@opentelemetry/otlp-grpc-exporter-base/build/src/util.js:23:12
Module not found: Can't resolve 'fs'
[0m [90m 21 |[39m [36mconst[39m path [33m=[39m require([32m"path"[39m)[33m;[39m[0m
[0m [90m 22 |[39m [36mconst[39m url_1 [33m=[39m require([32m"url"[39m)[33m;[39m[0m
[0m[31m[1m>[22m[39m[90m 23 |[39m [36mconst[39m fs [33m=[39m require([32m"fs"[39m)[33m;[39m[0m
[0m [90m    |[39m            [31m[1m^[22m[39m[31m[1m^[22m[39m[31m[1m^[22m[39m[31m[1m^[22m[39m[31m[1m^[22m[39m[31m[1m^[22m[39m[31m[1m^[22m[39m[31m[1m^[22m[39m[31m[1m^[22m[39m[31m[1m^[22m[39m[31m[1m^[22m[39m[31m[1m^[22m[39m[31m[1m^[22m[39m[0m
[0m [90m 24 |[39m [36mconst[39m otlp_exporter_base_1 [33m=[39m require([32m"@opentelemetry/otlp-exporter-base"[39m)[33m;[39m[0m
[0m [90m 25 |[39m [36mconst[39m grpc_exporter_transport_1 [33m=[39m require([32m"./grpc-exporter-transport"[39m)[33m;[39m[0m
[0m [90m 26 |[39m exports[33m.[39m[33mDEFAULT_COLLECTOR_URL[39m [33m=[39m [32m'http://localhost:4317'[39m[33m;[39m[0m



https://nextjs.org/docs/messages/module-not-found


 ⨯ ./node_modules/destroy/index.js:16:18
Module not found: Can't resolve 'fs'
[0m [90m 14 |[39m[0m
[0m [90m 15 |[39m [36mvar[39m [33mEventEmitter[39m [33m=[39m require([32m'events'[39m)[33m.[39m[33mEventEmitter[39m[0m
[0m[31m[1m>[22m[39m[90m 16 |[39m [36mvar[39m [33mReadStream[39m [33m=[39m require([32m'fs'[39m)[33m.[39m[33mReadStream[39m[0m
[0m [90m    |[39m                  [31m[1m^[22m[39m[31m[1m^[22m[39m[31m[1m^[22m[39m[31m[1m^[22m[39m[31m[1m^[22m[39m[31m[1m^[22m[39m[31m[1m^[22m[39m[31m[1m^[22m[39m[31m[1m^[22m[39m[31m[1m^[22m[39m[31m[1m^[22m[39m[31m[1m^[22m[39m[31m[1m^[22m[39m[0m
[0m [90m 17 |[39m [36mvar[39m [33mStream[39m [33m=[39m require([32m'stream'[39m)[0m
[0m [90m 18 |[39m [36mvar[39m [33mZlib[39m [33m=[39m require([32m'zlib'[39m)[0m
[0m [90m 19 |[39m[0m



https://nextjs.org/docs/messages/module-not-found


 ⨯ ./node_modules/etag/index.js:22:13
Module not found: Can't resolve 'fs'
[0m [90m 20 |[39m[0m
[0m [90m 21 |[39m [36mvar[39m crypto [33m=[39m require([32m'crypto'[39m)[0m
[0m[31m[1m>[22m[39m[90m 22 |[39m [36mvar[39m [33mStats[39m [33m=[39m require([32m'fs'[39m)[33m.[39m[33mStats[39m[0m
[0m [90m    |[39m             [31m[1m^[22m[39m[31m[1m^[22m[39m[31m[1m^[22m[39m[31m[1m^[22m[39m[31m[1m^[22m[39m[31m[1m^[22m[39m[31m[1m^[22m[39m[31m[1m^[22m[39m[31m[1m^[22m[39m[31m[1m^[22m[39m[31m[1m^[22m[39m[31m[1m^[22m[39m[31m[1m^[22m[39m[0m
[0m [90m 23 |[39m[0m
[0m [90m 24 |[39m [90m/**[39m[0m
[0m [90m 25 |[39m [90m * Module variables.[39m[0m



https://nextjs.org/docs/messages/module-not-found


 ⨯ ./node_modules/express/lib/view.js:18:10
Module not found: Can't resolve 'fs'
[0m [90m 16 |[39m [36mvar[39m debug [33m=[39m require([32m'debug'[39m)([32m'express:view'[39m)[33m;[39m[0m
[0m [90m 17 |[39m [36mvar[39m path [33m=[39m require([32m'path'[39m)[33m;[39m[0m
[0m[31m[1m>[22m[39m[90m 18 |[39m [36mvar[39m fs [33m=[39m require([32m'fs'[39m)[33m;[39m[0m
[0m [90m    |[39m          [31m[1m^[22m[39m[31m[1m^[22m[39m[31m[1m^[22m[39m[31m[1m^[22m[39m[31m[1m^[22m[39m[31m[1m^[22m[39m[31m[1m^[22m[39m[31m[1m^[22m[39m[31m[1m^[22m[39m[31m[1m^[22m[39m[31m[1m^[22m[39m[31m[1m^[22m[39m[31m[1m^[22m[39m[0m
[0m [90m 19 |[39m[0m
[0m [90m 20 |[39m [90m/**[39m[0m
[0m [90m 21 |[39m [90m * Module variables.[39m[0m



https://nextjs.org/docs/messages/module-not-found


 ⨯ ./node_modules/mime/mime.js:2:10
Module not found: Can't resolve 'fs'
[0m [90m 1 |[39m [36mvar[39m path [33m=[39m require([32m'path'[39m)[33m;[39m[0m
[0m[31m[1m>[22m[39m[90m 2 |[39m [36mvar[39m fs [33m=[39m require([32m'fs'[39m)[33m;[39m[0m
[0m [90m   |[39m          [31m[1m^[22m[39m[31m[1m^[22m[39m[31m[1m^[22m[39m[31m[1m^[22m[39m[31m[1m^[22m[39m[31m[1m^[22m[39m[31m[1m^[22m[39m[31m[1m^[22m[39m[31m[1m^[22m[39m[31m[1m^[22m[39m[31m[1m^[22m[39m[31m[1m^[22m[39m[31m[1m^[22m[39m[0m
[0m [90m 3 |[39m[0m
[0m [90m 4 |[39m [36mfunction[39m [33mMime[39m() {[0m
[0m [90m 5 |[39m   [90m// Map of extension -> mime type[39m[0m



https://nextjs.org/docs/messages/module-not-found


 ⨯ ./node_modules/send/index.js:23:10
Module not found: Can't resolve 'fs'
[0m [90m 21 |[39m [36mvar[39m etag [33m=[39m require([32m'etag'[39m)[0m
[0m [90m 22 |[39m [36mvar[39m fresh [33m=[39m require([32m'fresh'[39m)[0m
[0m[31m[1m>[22m[39m[90m 23 |[39m [36mvar[39m fs [33m=[39m require([32m'fs'[39m)[0m
[0m [90m    |[39m          [31m[1m^[22m[39m[31m[1m^[22m[39m[31m[1m^[22m[39m[31m[1m^[22m[39m[31m[1m^[22m[39m[31m[1m^[22m[39m[31m[1m^[22m[39m[31m[1m^[22m[39m[31m[1m^[22m[39m[31m[1m^[22m[39m[31m[1m^[22m[39m[31m[1m^[22m[39m[31m[1m^[22m[39m[0m
[0m [90m 24 |[39m [36mvar[39m mime [33m=[39m require([32m'mime'[39m)[0m
[0m [90m 25 |[39m [36mvar[39m ms [33m=[39m require([32m'ms'[39m)[0m
[0m [90m 26 |[39m [36mvar[39m onFinished [33m=[39m require([32m'on-finished'[39m)[0m



https://nextjs.org/docs/messages/module-not-found


 ⨯ ./node_modules/@genkit-ai/core/lib/reflection.js:36:31
Module not found: Can't resolve 'fs/promises'
[0m [90m 34 |[39m module[33m.[39mexports [33m=[39m __toCommonJS(reflection_exports)[33m;[39m[0m
[0m [90m 35 |[39m [36mvar[39m import_express [33m=[39m __toESM(require([32m"express"[39m))[33m;[39m[0m
[0m[31m[1m>[22m[39m[90m 36 |[39m [36mvar[39m import_promises [33m=[39m __toESM(require([32m"fs/promises"[39m))[33m;[39m[0m
[0m [90m    |[39m                               [31m[1m^[22m[39m[31m[1m^[22m[39m[31m[1m^[22m[39m[31m[1m^[22m[39m[31m[1m^[22m[39m[31m[1m^[22m[39m[31m[1m^[22m[39m[31m[1m^[22m[39m[31m[1m^[22m[39m[31m[1m^[22m[39m[31m[1m^[22m[39m[31m[1m^[22m[39m[31m[1m^[22m[39m[31m[1m^[22m[39m[31m[1m^[22m[39m[31m[1m^[22m[39m[31m[1m^[22m[39m[31m[1m^[22m[39m[31m[1m^[22m[39m[31m[1m^[22m[39m[31m[1m^[22m[39m[31m[1m^[22m[39m[0m
[0m [90m 37 |[39m [36mvar[39m import_get_port [33m=[39m __toESM(require([32m"get-port"[39m))[33m;[39m[0m
[0m [90m 38 |[39m [36mvar[39m import_path [33m=[39m __toESM(require([32m"path"[39m))[33m;[39m[0m
[0m [90m 39 |[39m [36mvar[39m z [33m=[39m __toESM(require([32m"zod"[39m))[33m;[39m[0m



https://nextjs.org/docs/messages/module-not-found


 ⨯ ./node_modules/@grpc/grpc-js/build/src/load-balancing-call.js:28:15
Module not found: Can't resolve 'http2'
[0m [90m 26 |[39m [36mconst[39m logging [33m=[39m require([32m"./logging"[39m)[33m;[39m[0m
[0m [90m 27 |[39m [36mconst[39m control_plane_status_1 [33m=[39m require([32m"./control-plane-status"[39m)[33m;[39m[0m
[0m[31m[1m>[22m[39m[90m 28 |[39m [36mconst[39m http2 [33m=[39m require([32m"http2"[39m)[33m;[39m[0m
[0m [90m    |[39m               [31m[1m^[22m[39m[31m[1m^[22m[39m[31m[1m^[22m[39m[31m[1m^[22m[39m[31m[1m^[22m[39m[31m[1m^[22m[39m[31m[1m^[22m[39m[31m[1m^[22m[39m[31m[1m^[22m[39m[31m[1m^[22m[39m[31m[1m^[22m[39m[31m[1m^[22m[39m[31m[1m^[22m[39m[31m[1m^[22m[39m[31m[1m^[22m[39m[31m[1m^[22m[39m[0m
[0m [90m 29 |[39m [36mconst[39m [33mTRACER_NAME[39m [33m=[39m [32m'load_balancing_call'[39m[33m;[39m[0m
[0m [90m 30 |[39m [36mclass[39m [33mLoadBalancingCall[39m {[0m
[0m [90m 31 |[39m     constructor(channel[33m,[39m callConfig[33m,[39m methodName[33m,[39m host[33m,[39m credentials[33m,[39m deadline[33m,[39m callNumber) {[0m



https://nextjs.org/docs/messages/module-not-found


 ⨯ ./node_modules/@grpc/grpc-js/build/src/server-interceptors.js:24:15
Module not found: Can't resolve 'http2'
[0m [90m 22 |[39m [36mconst[39m metadata_1 [33m=[39m require([32m"./metadata"[39m)[33m;[39m[0m
[0m [90m 23 |[39m [36mconst[39m constants_1 [33m=[39m require([32m"./constants"[39m)[33m;[39m[0m
[0m[31m[1m>[22m[39m[90m 24 |[39m [36mconst[39m http2 [33m=[39m require([32m"http2"[39m)[33m;[39m[0m
[0m [90m    |[39m               [31m[1m^[22m[39m[31m[1m^[22m[39m[31m[1m^[22m[39m[31m[1m^[22m[39m[31m[1m^[22m[39m[31m[1m^[22m[39m[31m[1m^[22m[39m[31m[1m^[22m[39m[31m[1m^[22m[39m[31m[1m^[22m[39m[31m[1m^[22m[39m[31m[1m^[22m[39m[31m[1m^[22m[39m[31m[1m^[22m[39m[31m[1m^[22m[39m[31m[1m^[22m[39m[0m
[0m [90m 25 |[39m [36mconst[39m error_1 [33m=[39m require([32m"./error"[39m)[33m;[39m[0m
[0m [90m 26 |[39m [36mconst[39m zlib [33m=[39m require([32m"zlib"[39m)[33m;[39m[0m
[0m [90m 27 |[39m [36mconst[39m stream_decoder_1 [33m=[39m require([32m"./stream-decoder"[39m)[33m;[39m[0m



https://nextjs.org/docs/messages/module-not-found


 ⨯ ./node_modules/@grpc/grpc-js/build/src/server.js:54:15
Module not found: Can't resolve 'http2'
[0m [90m 52 |[39m [33mObject[39m[33m.[39mdefineProperty(exports[33m,[39m [32m"__esModule"[39m[33m,[39m { value[33m:[39m [36mtrue[39m })[33m;[39m[0m
[0m [90m 53 |[39m exports[33m.[39m[33mServer[39m [33m=[39m [36mvoid[39m [35m0[39m[33m;[39m[0m
[0m[31m[1m>[22m[39m[90m 54 |[39m [36mconst[39m http2 [33m=[39m require([32m"http2"[39m)[33m;[39m[0m
[0m [90m    |[39m               [31m[1m^[22m[39m[31m[1m^[22m[39m[31m[1m^[22m[39m[31m[1m^[22m[39m[31m[1m^[22m[39m[31m[1m^[22m[39m[31m[1m^[22m[39m[31m[1m^[22m[39m[31m[1m^[22m[39m[31m[1m^[22m[39m[31m[1m^[22m[39m[31m[1m^[22m[39m[31m[1m^[22m[39m[31m[1m^[22m[39m[31m[1m^[22m[39m[31m[1m^[22m[39m[0m
[0m [90m 55 |[39m [36mconst[39m util [33m=[39m require([32m"util"[39m)[33m;[39m[0m
[0m [90m 56 |[39m [36mconst[39m constants_1 [33m=[39m require([32m"./constants"[39m)[33m;[39m[0m
[0m [90m 57 |[39m [36mconst[39m server_call_1 [33m=[39m require([32m"./server-call"[39m)[33m;[39m[0m



https://nextjs.org/docs/messages/module-not-found


 ⨯ ./node_modules/@grpc/grpc-js/build/src/subchannel-call.js:20:15
Module not found: Can't resolve 'http2'
[0m [90m 18 |[39m [33mObject[39m[33m.[39mdefineProperty(exports[33m,[39m [32m"__esModule"[39m[33m,[39m { value[33m:[39m [36mtrue[39m })[33m;[39m[0m
[0m [90m 19 |[39m exports[33m.[39m[33mHttp2SubchannelCall[39m [33m=[39m [36mvoid[39m [35m0[39m[33m;[39m[0m
[0m[31m[1m>[22m[39m[90m 20 |[39m [36mconst[39m http2 [33m=[39m require([32m"http2"[39m)[33m;[39m[0m
[0m [90m    |[39m               [31m[1m^[22m[39m[31m[1m^[22m[39m[31m[1m^[22m[39m[31m[1m^[22m[39m[31m[1m^[22m[39m[31m[1m^[22m[39m[31m[1m^[22m[39m[31m[1m^[22m[39m[31m[1m^[22m[39m[31m[1m^[22m[39m[31m[1m^[22m[39m[31m[1m^[22m[39m[31m[1m^[22m[39m[31m[1m^[22m[39m[31m[1m^[22m[39m[31m[1m^[22m[39m[0m
[0m [90m 21 |[39m [36mconst[39m os [33m=[39m require([32m"os"[39m)[33m;[39m[0m
[0m [90m 22 |[39m [36mconst[39m constants_1 [33m=[39m require([32m"./constants"[39m)[33m;[39m[0m
[0m [90m 23 |[39m [36mconst[39m metadata_1 [33m=[39m require([32m"./metadata"[39m)[33m;[39m[0m



https://nextjs.org/docs/messages/module-not-found


 ⨯ ./node_modules/@grpc/grpc-js/build/src/transport.js:20:15
Module not found: Can't resolve 'http2'
[0m [90m 18 |[39m [33mObject[39m[33m.[39mdefineProperty(exports[33m,[39m [32m"__esModule"[39m[33m,[39m { value[33m:[39m [36mtrue[39m })[33m;[39m[0m
[0m [90m 19 |[39m exports[33m.[39m[33mHttp2SubchannelConnector[39m [33m=[39m [36mvoid[39m [35m0[39m[33m;[39m[0m
[0m[31m[1m>[22m[39m[90m 20 |[39m [36mconst[39m http2 [33m=[39m require([32m"http2"[39m)[33m;[39m[0m
[0m [90m    |[39m               [31m[1m^[22m[39m[31m[1m^[22m[39m[31m[1m^[22m[39m[31m[1m^[22m[39m[31m[1m^[22m[39m[31m[1m^[22m[39m[31m[1m^[22m[39m[31m[1m^[22m[39m[31m[1m^[22m[39m[31m[1m^[22m[39m[31m[1m^[22m[39m[31m[1m^[22m[39m[31m[1m^[22m[39m[31m[1m^[22m[39m[31m[1m^[22m[39m[31m[1m^[22m[39m[0m
[0m [90m 21 |[39m [36mconst[39m channelz_1 [33m=[39m require([32m"./channelz"[39m)[33m;[39m[0m
[0m [90m 22 |[39m [36mconst[39m constants_1 [33m=[39m require([32m"./constants"[39m)[33m;[39m[0m
[0m [90m 23 |[39m [36mconst[39m http_proxy_1 [33m=[39m require([32m"./http_proxy"[39m)[33m;[39m[0m



https://nextjs.org/docs/messages/module-not-found


 ⨯ ./node_modules/@grpc/grpc-js/build/src/channelz.js:24:15
Module not found: Can't resolve 'net'
[0m [90m 22 |[39m exports[33m.[39mgetChannelzServiceDefinition [33m=[39m getChannelzServiceDefinition[33m;[39m[0m
[0m [90m 23 |[39m exports[33m.[39msetup [33m=[39m setup[33m;[39m[0m
[0m[31m[1m>[22m[39m[90m 24 |[39m [36mconst[39m net_1 [33m=[39m require([32m"net"[39m)[33m;[39m[0m
[0m [90m    |[39m               [31m[1m^[22m[39m[31m[1m^[22m[39m[31m[1m^[22m[39m[31m[1m^[22m[39m[31m[1m^[22m[39m[31m[1m^[22m[39m[31m[1m^[22m[39m[31m[1m^[22m[39m[31m[1m^[22m[39m[31m[1m^[22m[39m[31m[1m^[22m[39m[31m[1m^[22m[39m[31m[1m^[22m[39m[31m[1m^[22m[39m[0m
[0m [90m 25 |[39m [36mconst[39m ordered_map_1 [33m=[39m require([32m"@js-sdsl/ordered-map"[39m)[33m;[39m[0m
[0m [90m 26 |[39m [36mconst[39m connectivity_state_1 [33m=[39m require([32m"./connectivity-state"[39m)[33m;[39m[0m
[0m [90m 27 |[39m [36mconst[39m constants_1 [33m=[39m require([32m"./constants"[39m)[33m;[39m[0m



https://nextjs.org/docs/messages/module-not-found


 ⨯ ./node_modules/@grpc/grpc-js/build/src/http_proxy.js:24:15
Module not found: Can't resolve 'net'
[0m [90m 22 |[39m [36mconst[39m logging_1 [33m=[39m require([32m"./logging"[39m)[33m;[39m[0m
[0m [90m 23 |[39m [36mconst[39m constants_1 [33m=[39m require([32m"./constants"[39m)[33m;[39m[0m
[0m[31m[1m>[22m[39m[90m 24 |[39m [36mconst[39m net_1 [33m=[39m require([32m"net"[39m)[33m;[39m[0m
[0m [90m    |[39m               [31m[1m^[22m[39m[31m[1m^[22m[39m[31m[1m^[22m[39m[31m[1m^[22m[39m[31m[1m^[22m[39m[31m[1m^[22m[39m[31m[1m^[22m[39m[31m[1m^[22m[39m[31m[1m^[22m[39m[31m[1m^[22m[39m[31m[1m^[22m[39m[31m[1m^[22m[39m[31m[1m^[22m[39m[31m[1m^[22m[39m[0m
[0m [90m 25 |[39m [36mconst[39m http [33m=[39m require([32m"http"[39m)[33m;[39m[0m
[0m [90m 26 |[39m [36mconst[39m logging [33m=[39m require([32m"./logging"[39m)[33m;[39m[0m
[0m [90m 27 |[39m [36mconst[39m subchannel_address_1 [33m=[39m require([32m"./subchannel-address"[39m)[33m;[39m[0m



https://nextjs.org/docs/messages/module-not-found


 ⨯ ./node_modules/@grpc/grpc-js/build/src/load-balancer-pick-first.js:29:15
Module not found: Can't resolve 'net'
[0m [90m 27 |[39m [36mconst[39m constants_1 [33m=[39m require([32m"./constants"[39m)[33m;[39m[0m
[0m [90m 28 |[39m [36mconst[39m subchannel_address_2 [33m=[39m require([32m"./subchannel-address"[39m)[33m;[39m[0m
[0m[31m[1m>[22m[39m[90m 29 |[39m [36mconst[39m net_1 [33m=[39m require([32m"net"[39m)[33m;[39m[0m
[0m [90m    |[39m               [31m[1m^[22m[39m[31m[1m^[22m[39m[31m[1m^[22m[39m[31m[1m^[22m[39m[31m[1m^[22m[39m[31m[1m^[22m[39m[31m[1m^[22m[39m[31m[1m^[22m[39m[31m[1m^[22m[39m[31m[1m^[22m[39m[31m[1m^[22m[39m[31m[1m^[22m[39m[31m[1m^[22m[39m[31m[1m^[22m[39m[0m
[0m [90m 30 |[39m [36mconst[39m [33mTRACER_NAME[39m [33m=[39m [32m'pick_first'[39m[33m;[39m[0m
[0m [90m 31 |[39m [36mfunction[39m trace(text) {[0m
[0m [90m 32 |[39m     logging[33m.[39mtrace(constants_1[33m.[39m[33mLogVerbosity[39m[33m.[39m[33mDEBUG[39m[33m,[39m [33mTRACER_NAME[39m[33m,[39m text)[33m;[39m[0m



https://nextjs.org/docs/messages/module-not-found


 ⨯ ./node_modules/@grpc/grpc-js/build/src/resolver-dns.js:28:15
Module not found: Can't resolve 'net'
[0m [90m 26 |[39m [36mconst[39m constants_2 [33m=[39m require([32m"./constants"[39m)[33m;[39m[0m
[0m [90m 27 |[39m [36mconst[39m uri_parser_1 [33m=[39m require([32m"./uri-parser"[39m)[33m;[39m[0m
[0m[31m[1m>[22m[39m[90m 28 |[39m [36mconst[39m net_1 [33m=[39m require([32m"net"[39m)[33m;[39m[0m
[0m [90m    |[39m               [31m[1m^[22m[39m[31m[1m^[22m[39m[31m[1m^[22m[39m[31m[1m^[22m[39m[31m[1m^[22m[39m[31m[1m^[22m[39m[31m[1m^[22m[39m[31m[1m^[22m[39m[31m[1m^[22m[39m[31m[1m^[22m[39m[31m[1m^[22m[39m[31m[1m^[22m[39m[31m[1m^[22m[39m[31m[1m^[22m[39m[0m
[0m [90m 29 |[39m [36mconst[39m backoff_timeout_1 [33m=[39m require([32m"./backoff-timeout"[39m)[33m;[39m[0m
[0m [90m 30 |[39m [36mconst[39m environment_1 [33m=[39m require([32m"./environment"[39m)[33m;[39m[0m
[0m [90m 31 |[39m [36mconst[39m [33mTRACER_NAME[39m [33m=[39m [32m'dns_resolver'[39m[33m;[39m[0m



https://nextjs.org/docs/messages/module-not-found


 ⨯ ./node_modules/@grpc/grpc-js/build/src/resolver-ip.js:19:15
Module not found: Can't resolve 'net'
[0m [90m 17 |[39m [33mObject[39m[33m.[39mdefineProperty(exports[33m,[39m [32m"__esModule"[39m[33m,[39m { value[33m:[39m [36mtrue[39m })[33m;[39m[0m
[0m [90m 18 |[39m exports[33m.[39msetup [33m=[39m setup[33m;[39m[0m
[0m[31m[1m>[22m[39m[90m 19 |[39m [36mconst[39m net_1 [33m=[39m require([32m"net"[39m)[33m;[39m[0m
[0m [90m    |[39m               [31m[1m^[22m[39m[31m[1m^[22m[39m[31m[1m^[22m[39m[31m[1m^[22m[39m[31m[1m^[22m[39m[31m[1m^[22m[39m[31m[1m^[22m[39m[31m[1m^[22m[39m[31m[1m^[22m[39m[31m[1m^[22m[39m[31m[1m^[22m[39m[31m[1m^[22m[39m[31m[1m^[22m[39m[31m[1m^[22m[39m[0m
[0m [90m 20 |[39m [36mconst[39m constants_1 [33m=[39m require([32m"./constants"[39m)[33m;[39m[0m
[0m [90m 21 |[39m [36mconst[39m metadata_1 [33m=[39m require([32m"./metadata"[39m)[33m;[39m[0m
[0m [90m 22 |[39m [36mconst[39m resolver_1 [33m=[39m require([32m"./resolver"[39m)[33m;[39m[0m



https://nextjs.org/docs/messages/module-not-found


 ⨯ ./node_modules/@grpc/grpc-js/build/src/subchannel-address.js:27:15
Module not found: Can't resolve 'net'
[0m [90m 25 |[39m exports[33m.[39mendpointToString [33m=[39m endpointToString[33m;[39m[0m
[0m [90m 26 |[39m exports[33m.[39mendpointHasAddress [33m=[39m endpointHasAddress[33m;[39m[0m
[0m[31m[1m>[22m[39m[90m 27 |[39m [36mconst[39m net_1 [33m=[39m require([32m"net"[39m)[33m;[39m[0m
[0m [90m    |[39m               [31m[1m^[22m[39m[31m[1m^[22m[39m[31m[1m^[22m[39m[31m[1m^[22m[39m[31m[1m^[22m[39m[31m[1m^[22m[39m[31m[1m^[22m[39m[31m[1m^[22m[39m[31m[1m^[22m[39m[31m[1m^[22m[39m[31m[1m^[22m[39m[31m[1m^[22m[39m[31m[1m^[22m[39m[31m[1m^[22m[39m[0m
[0m [90m 28 |[39m [36mfunction[39m isTcpSubchannelAddress(address) {[0m
[0m [90m 29 |[39m     [36mreturn[39m [32m'port'[39m [36min[39m address[33m;[39m[0m
[0m [90m 30 |[39m }[0m



https://nextjs.org/docs/messages/module-not-found


 ⨯ ./node_modules/@grpc/grpc-js/build/src/transport.js:28:13
Module not found: Can't resolve 'net'
[0m [90m 26 |[39m [36mconst[39m subchannel_address_1 [33m=[39m require([32m"./subchannel-address"[39m)[33m;[39m[0m
[0m [90m 27 |[39m [36mconst[39m uri_parser_1 [33m=[39m require([32m"./uri-parser"[39m)[33m;[39m[0m
[0m[31m[1m>[22m[39m[90m 28 |[39m [36mconst[39m net [33m=[39m require([32m"net"[39m)[33m;[39m[0m
[0m [90m    |[39m             [31m[1m^[22m[39m[31m[1m^[22m[39m[31m[1m^[22m[39m[31m[1m^[22m[39m[31m[1m^[22m[39m[31m[1m^[22m[39m[31m[1m^[22m[39m[31m[1m^[22m[39m[31m[1m^[22m[39m[31m[1m^[22m[39m[31m[1m^[22m[39m[31m[1m^[22m[39m[31m[1m^[22m[39m[31m[1m^[22m[39m[0m
[0m [90m 29 |[39m [36mconst[39m subchannel_call_1 [33m=[39m require([32m"./subchannel-call"[39m)[33m;[39m[0m
[0m [90m 30 |[39m [36mconst[39m call_number_1 [33m=[39m require([32m"./call-number"[39m)[33m;[39m[0m
[0m [90m 31 |[39m [36mconst[39m [33mTRACER_NAME[39m [33m=[39m [32m'transport'[39m[33m;[39m[0m



https://nextjs.org/docs/messages/module-not-found


 ⨯ ./node_modules/express/lib/request.js:18:12
Module not found: Can't resolve 'net'
[0m [90m 16 |[39m [36mvar[39m accepts [33m=[39m require([32m'accepts'[39m)[33m;[39m[0m
[0m [90m 17 |[39m [36mvar[39m deprecate [33m=[39m require([32m'depd'[39m)([32m'express'[39m)[33m;[39m[0m
[0m[31m[1m>[22m[39m[90m 18 |[39m [36mvar[39m isIP [33m=[39m require([32m'net'[39m)[33m.[39misIP[33m;[39m[0m
[0m [90m    |[39m            [31m[1m^[22m[39m[31m[1m^[22m[39m[31m[1m^[22m[39m[31m[1m^[22m[39m[31m[1m^[22m[39m[31m[1m^[22m[39m[31m[1m^[22m[39m[31m[1m^[22m[39m[31m[1m^[22m[39m[31m[1m^[22m[39m[31m[1m^[22m[39m[31m[1m^[22m[39m[31m[1m^[22m[39m[31m[1m^[22m[39m[0m
[0m [90m 19 |[39m [36mvar[39m typeis [33m=[39m require([32m'type-is'[39m)[33m;[39m[0m
[0m [90m 20 |[39m [36mvar[39m http [33m=[39m require([32m'http'[39m)[33m;[39m[0m
[0m [90m 21 |[39m [36mvar[39m fresh [33m=[39m require([32m'fresh'[39m)[33m;[39m[0m



https://nextjs.org/docs/messages/module-not-found


 ⨯ ./node_modules/get-port/index.js:2:13
Module not found: Can't resolve 'net'
[0m [90m 1 |[39m [32m'use strict'[39m[33m;[39m[0m
[0m[31m[1m>[22m[39m[90m 2 |[39m [36mconst[39m net [33m=[39m require([32m'net'[39m)[33m;[39m[0m
[0m [90m   |[39m             [31m[1m^[22m[39m[31m[1m^[22m[39m[31m[1m^[22m[39m[31m[1m^[22m[39m[31m[1m^[22m[39m[31m[1m^[22m[39m[31m[1m^[22m[39m[31m[1m^[22m[39m[31m[1m^[22m[39m[31m[1m^[22m[39m[31m[1m^[22m[39m[31m[1m^[22m[39m[31m[1m^[22m[39m[31m[1m^[22m[39m[0m
[0m [90m 3 |[39m[0m
[0m [90m 4 |[39m [36mclass[39m [33mLocked[39m [36mextends[39m [33mError[39m {[0m
[0m [90m 5 |[39m 	constructor(port) {[0m



https://nextjs.org/docs/messages/module-not-found


 ⨯ ./node_modules/@grpc/grpc-js/build/src/channel-credentials.js:21:15
Module not found: Can't resolve 'tls'
[0m [90m 19 |[39m exports[33m.[39m[33mChannelCredentials[39m [33m=[39m [36mvoid[39m [35m0[39m[33m;[39m[0m
[0m [90m 20 |[39m exports[33m.[39mcreateCertificateProviderChannelCredentials [33m=[39m createCertificateProviderChannelCredentials[33m;[39m[0m
[0m[31m[1m>[22m[39m[90m 21 |[39m [36mconst[39m tls_1 [33m=[39m require([32m"tls"[39m)[33m;[39m[0m
[0m [90m    |[39m               [31m[1m^[22m[39m[31m[1m^[22m[39m[31m[1m^[22m[39m[31m[1m^[22m[39m[31m[1m^[22m[39m[31m[1m^[22m[39m[31m[1m^[22m[39m[31m[1m^[22m[39m[31m[1m^[22m[39m[31m[1m^[22m[39m[31m[1m^[22m[39m[31m[1m^[22m[39m[31m[1m^[22m[39m[31m[1m^[22m[39m[0m
[0m [90m 22 |[39m [36mconst[39m call_credentials_1 [33m=[39m require([32m"./call-credentials"[39m)[33m;[39m[0m
[0m [90m 23 |[39m [36mconst[39m tls_helpers_1 [33m=[39m require([32m"./tls-helpers"[39m)[33m;[39m[0m
[0m [90m 24 |[39m [36mconst[39m uri_parser_1 [33m=[39m require([32m"./uri-parser"[39m)[33m;[39m[0m



https://nextjs.org/docs/messages/module-not-found


 ⨯ ./node_modules/express/lib/view.js:81:14
Module not found: Can't resolve <dynamic>
[0m [90m 79 |[39m[0m
[0m [90m 80 |[39m     [90m// default engine export[39m[0m
[0m[31m[1m>[22m[39m[90m 81 |[39m     [36mvar[39m fn [33m=[39m require(mod)[33m.[39m__express[0m
[0m [90m    |[39m              [31m[1m^[22m[39m[31m[1m^[22m[39m[31m[1m^[22m[39m[31m[1m^[22m[39m[31m[1m^[22m[39m[31m[1m^[22m[39m[31m[1m^[22m[39m[31m[1m^[22m[39m[31m[1m^[22m[39m[31m[1m^[22m[39m[31m[1m^[22m[39m[31m[1m^[22m[39m[0m
[0m [90m 82 |[39m[0m
[0m [90m 83 |[39m     [36mif[39m ([36mtypeof[39m fn [33m!==[39m [32m'function'[39m) {[0m
[0m [90m 84 |[39m       [36mthrow[39m [36mnew[39m [33mError[39m([32m'Module "'[39m [33m+[39m mod [33m+[39m [32m'" does not provide a view engine.'[39m)[0m



https://nextjs.org/docs/messages/module-not-found


 ✓ Compiled in 568ms
 ✓ Compiled in 313ms
[?25h
